[INFO] Scanning for projects...
[INFO] 
[INFO] ----------------------< com.tallerzapata:backend >----------------------
[INFO] Building taller-zapata-backend 0.0.1-SNAPSHOT
[INFO]   from pom.xml
[INFO] --------------------------------[ jar ]---------------------------------
[INFO] 
[INFO] >>> spring-boot:3.3.5:run (default-cli) > test-compile @ backend >>>
[INFO] 
[INFO] --- resources:3.3.1:resources (default-resources) @ backend ---
[INFO] Copying 5 resources from src\main\resources to target\classes
[INFO] Copying 30 resources from src\main\resources to target\classes
[INFO] 
[INFO] --- compiler:3.13.0:compile (default-compile) @ backend ---
[INFO] Nothing to compile - all classes are up to date.
[INFO] 
[INFO] --- resources:3.3.1:testResources (default-testResources) @ backend ---
[INFO] skip non existing resourceDirectory D:\Escritorio\tallerDemo\backend\src\test\resources
[INFO] 
[INFO] --- compiler:3.13.0:testCompile (default-testCompile) @ backend ---
[INFO] Nothing to compile - all classes are up to date.
[INFO] 
[INFO] <<< spring-boot:3.3.5:run (default-cli) < test-compile @ backend <<<
[INFO] 
[INFO] 
[INFO] --- spring-boot:3.3.5:run (default-cli) @ backend ---
[INFO] Attaching agents: []

  .   ____          _            __ _ _
 /\\ / ___'_ __ _ _(_)_ __  __ _ \ \ \ \
( ( )\___ | '_ | '_| | '_ \/ _` | \ \ \ \
 \\/  ___)| |_)| | | | | || (_| |  ) ) ) )
  '  |____| .__|_| |_|_| |_\__, | / / / /
 =========|_|==============|___/=/_/_/_/

 :: Spring Boot ::                (v3.3.5)

2026-05-11 14:42:08 INFO  [] c.t.b.TallerZapataBackendApplication - Starting TallerZapataBackendApplication using Java 21.0.10 with PID 17820 (D:\Escritorio\tallerDemo\backend\target\classes started by Julia in D:\Escritorio\tallerDemo\backend)
2026-05-11 14:42:08 INFO  [] c.t.b.TallerZapataBackendApplication - The following 1 profile is active: "local"
2026-05-11 14:42:10 INFO  [] o.s.d.r.c.RepositoryConfigurationDelegate - Bootstrapping Spring Data JPA repositories in DEFAULT mode.
2026-05-11 14:42:10 INFO  [] o.s.d.r.c.RepositoryConfigurationDelegate - Finished Spring Data repository scanning in 339 ms. Found 105 JPA repository interfaces.
2026-05-11 14:42:11 INFO  [] o.s.b.w.e.tomcat.TomcatWebServer - Tomcat initialized with port 8081 (http)
2026-05-11 14:42:11 INFO  [] o.a.catalina.core.StandardService - Starting service [Tomcat]
2026-05-11 14:42:11 INFO  [] o.a.catalina.core.StandardEngine - Starting Servlet engine: [Apache Tomcat/10.1.31]
2026-05-11 14:42:11 INFO  [] o.a.c.c.C.[Tomcat].[localhost].[/] - Initializing Spring embedded WebApplicationContext
2026-05-11 14:42:11 INFO  [] o.s.b.w.s.c.ServletWebServerApplicationContext - Root WebApplicationContext: initialization completed in 2708 ms
2026-05-11 14:42:11 INFO  [] com.zaxxer.hikari.HikariDataSource - HikariPool-1 - Starting...
2026-05-11 14:42:11 INFO  [] com.zaxxer.hikari.pool.HikariPool - HikariPool-1 - Added connection com.mysql.cj.jdbc.ConnectionImpl@5fb514c2
2026-05-11 14:42:11 INFO  [] com.zaxxer.hikari.HikariDataSource - HikariPool-1 - Start completed.
2026-05-11 14:42:11 INFO  [] org.flywaydb.core.FlywayExecutor - Database: jdbc:mysql://localhost:3306/taller_zapata (MySQL 8.0)
2026-05-11 14:42:12 INFO  [] o.f.core.internal.command.DbValidate - Successfully validated 30 migrations (execution time 00:00.044s)
2026-05-11 14:42:12 INFO  [] o.f.core.internal.command.DbMigrate - Current version of schema `taller_zapata`: 30
2026-05-11 14:42:12 INFO  [] o.f.core.internal.command.DbMigrate - Schema `taller_zapata` is up to date. No migration necessary.
2026-05-11 14:42:12 INFO  [] o.h.jpa.internal.util.LogHelper - HHH000204: Processing PersistenceUnitInfo [name: default]
2026-05-11 14:42:12 INFO  [] org.hibernate.Version - HHH000412: Hibernate ORM core version 6.5.3.Final
2026-05-11 14:42:12 INFO  [] o.h.c.i.RegionFactoryInitiator - HHH000026: Second-level cache disabled
2026-05-11 14:42:12 INFO  [] o.s.o.j.p.SpringPersistenceUnitInfo - No LoadTimeWeaver setup: ignoring JPA class transformer
2026-05-11 14:42:14 INFO  [] o.h.e.t.j.p.i.JtaPlatformInitiator - HHH000489: No JTA platform available (set 'hibernate.transaction.jta.platform' to enable JTA platform integration)
2026-05-11 14:42:14 INFO  [] o.s.o.j.LocalContainerEntityManagerFactoryBean - Initialized JPA EntityManagerFactory for persistence unit 'default'
2026-05-11 14:42:15 INFO  [] o.s.d.j.r.query.QueryEnhancerFactory - Hibernate is in classpath; If applicable, HQL parser will be used.
2026-05-11 14:42:19 WARN  [] o.s.b.a.s.s.UserDetailsServiceAutoConfiguration - 

Using generated security password: 5f108c1e-a1e2-4f3c-b1ce-ee7dc383b348

This generated password is for development use only. Your security configuration must be updated before running your application in production.

2026-05-11 14:42:19 INFO  [] o.s.s.c.a.a.c.InitializeUserDetailsBeanManagerConfigurer$InitializeUserDetailsManagerConfigurer - Global AuthenticationManager configured with UserDetailsService bean with name inMemoryUserDetailsManager
2026-05-11 14:42:19 INFO  [] o.s.b.a.e.web.EndpointLinksResolver - Exposing 3 endpoints beneath base path '/actuator'
2026-05-11 14:42:20 INFO  [] o.s.b.w.e.tomcat.TomcatWebServer - Tomcat started on port 8081 (http) with context path '/'
2026-05-11 14:42:20 INFO  [] c.t.b.TallerZapataBackendApplication - Started TallerZapataBackendApplication in 12.223 seconds (process running for 12.753)
2026-05-11 14:42:44 INFO  [] o.a.c.c.C.[Tomcat].[localhost].[/] - Initializing Spring DispatcherServlet 'dispatcherServlet'
2026-05-11 14:42:44 INFO  [] o.s.web.servlet.DispatcherServlet - Initializing Servlet 'dispatcherServlet'
2026-05-11 14:42:44 INFO  [] o.s.web.servlet.DispatcherServlet - Completed initialization in 3 ms
2026-05-11 20:13:09 WARN  [] com.zaxxer.hikari.pool.HikariPool - HikariPool-1 - Thread starvation or clock leap detected (housekeeper delta=55m23s320ms208µs500ns).
